<component name="libraryTable">
  <library name="junit-4.6">
    <CLASSES>
      <root url="jar://$MAVEN_REPOSITORY$/junit/junit/4.6/junit-4.6.jar!/" />
    </CLASSES>
    <JAVADOC />
    <SOURCES />
  </library>
</component>